<?xml version="1.0" encoding="UTF-8"?>
<testsuite xmlns:xsi="http://www.w3.org/2001/XMLSchema-instance" xsi:noNamespaceSchemaLocation="https://maven.apache.org/surefire/maven-surefire-plugin/xsd/surefire-test-report.xsd" name="TestSuite" time="32.124" tests="4" errors="0" skipped="0" failures="2">
  <properties>
    <property name="gopherProxySet" value="false"/>
    <property name="awt.toolkit" value="sun.lwawt.macosx.LWCToolkit"/>
    <property name="java.specification.version" value="11"/>
    <property name="sun.cpu.isalist" value=""/>
    <property name="sun.jnu.encoding" value="UTF-8"/>
    <property name="java.class.path" value="/Users/jadersonrg/Automation/target/test-classes:/Users/jadersonrg/Automation/target/classes:/Users/jadersonrg/.m2/repository/io/appium/java-client/7.4.1/java-client-7.4.1.jar:/Users/jadersonrg/.m2/repository/org/seleniumhq/selenium/selenium-java/3.141.59/selenium-java-3.141.59.jar:/Users/jadersonrg/.m2/repository/org/seleniumhq/selenium/selenium-chrome-driver/3.141.59/selenium-chrome-driver-3.141.59.jar:/Users/jadersonrg/.m2/repository/org/seleniumhq/selenium/selenium-edge-driver/3.141.59/selenium-edge-driver-3.141.59.jar:/Users/jadersonrg/.m2/repository/org/seleniumhq/selenium/selenium-firefox-driver/3.141.59/selenium-firefox-driver-3.141.59.jar:/Users/jadersonrg/.m2/repository/org/seleniumhq/selenium/selenium-ie-driver/3.141.59/selenium-ie-driver-3.141.59.jar:/Users/jadersonrg/.m2/repository/org/seleniumhq/selenium/selenium-opera-driver/3.141.59/selenium-opera-driver-3.141.59.jar:/Users/jadersonrg/.m2/repository/org/seleniumhq/selenium/selenium-remote-driver/3.141.59/selenium-remote-driver-3.141.59.jar:/Users/jadersonrg/.m2/repository/org/seleniumhq/selenium/selenium-safari-driver/3.141.59/selenium-safari-driver-3.141.59.jar:/Users/jadersonrg/.m2/repository/net/bytebuddy/byte-buddy/1.8.15/byte-buddy-1.8.15.jar:/Users/jadersonrg/.m2/repository/org/apache/commons/commons-exec/1.3/commons-exec-1.3.jar:/Users/jadersonrg/.m2/repository/com/google/guava/guava/25.0-jre/guava-25.0-jre.jar:/Users/jadersonrg/.m2/repository/com/google/code/findbugs/jsr305/1.3.9/jsr305-1.3.9.jar:/Users/jadersonrg/.m2/repository/org/checkerframework/checker-compat-qual/2.0.0/checker-compat-qual-2.0.0.jar:/Users/jadersonrg/.m2/repository/com/google/errorprone/error_prone_annotations/2.1.3/error_prone_annotations-2.1.3.jar:/Users/jadersonrg/.m2/repository/com/google/j2objc/j2objc-annotations/1.1/j2objc-annotations-1.1.jar:/Users/jadersonrg/.m2/repository/org/codehaus/mojo/animal-sniffer-annotations/1.14/animal-sniffer-annotations-1.14.jar:/Users/jadersonrg/.m2/repository/com/squareup/okhttp3/okhttp/3.11.0/okhttp-3.11.0.jar:/Users/jadersonrg/.m2/repository/com/squareup/okio/okio/1.14.0/okio-1.14.0.jar:/Users/jadersonrg/.m2/repository/org/seleniumhq/selenium/selenium-support/3.141.59/selenium-support-3.141.59.jar:/Users/jadersonrg/.m2/repository/org/seleniumhq/selenium/selenium-api/3.141.59/selenium-api-3.141.59.jar:/Users/jadersonrg/.m2/repository/com/google/code/gson/gson/2.8.6/gson-2.8.6.jar:/Users/jadersonrg/.m2/repository/org/apache/httpcomponents/httpclient/4.5.13/httpclient-4.5.13.jar:/Users/jadersonrg/.m2/repository/org/apache/httpcomponents/httpcore/4.4.13/httpcore-4.4.13.jar:/Users/jadersonrg/.m2/repository/commons-logging/commons-logging/1.2/commons-logging-1.2.jar:/Users/jadersonrg/.m2/repository/commons-codec/commons-codec/1.11/commons-codec-1.11.jar:/Users/jadersonrg/.m2/repository/cglib/cglib/3.3.0/cglib-3.3.0.jar:/Users/jadersonrg/.m2/repository/org/ow2/asm/asm/7.1/asm-7.1.jar:/Users/jadersonrg/.m2/repository/commons-validator/commons-validator/1.7/commons-validator-1.7.jar:/Users/jadersonrg/.m2/repository/commons-beanutils/commons-beanutils/1.9.4/commons-beanutils-1.9.4.jar:/Users/jadersonrg/.m2/repository/commons-digester/commons-digester/2.1/commons-digester-2.1.jar:/Users/jadersonrg/.m2/repository/commons-collections/commons-collections/3.2.2/commons-collections-3.2.2.jar:/Users/jadersonrg/.m2/repository/org/apache/commons/commons-lang3/3.11/commons-lang3-3.11.jar:/Users/jadersonrg/.m2/repository/commons-io/commons-io/2.8.0/commons-io-2.8.0.jar:/Users/jadersonrg/.m2/repository/org/springframework/spring-context/5.3.1/spring-context-5.3.1.jar:/Users/jadersonrg/.m2/repository/org/springframework/spring-aop/5.3.1/spring-aop-5.3.1.jar:/Users/jadersonrg/.m2/repository/org/springframework/spring-beans/5.3.1/spring-beans-5.3.1.jar:/Users/jadersonrg/.m2/repository/org/springframework/spring-core/5.3.1/spring-core-5.3.1.jar:/Users/jadersonrg/.m2/repository/org/springframework/spring-jcl/5.3.1/spring-jcl-5.3.1.jar:/Users/jadersonrg/.m2/repository/org/springframework/spring-expression/5.3.1/spring-expression-5.3.1.jar:/Users/jadersonrg/.m2/repository/org/aspectj/aspectjweaver/1.9.6/aspectjweaver-1.9.6.jar:/Users/jadersonrg/.m2/repository/org/slf4j/slf4j-api/1.7.30/slf4j-api-1.7.30.jar:/Users/jadersonrg/.m2/repository/org/testng/testng/7.4.0/testng-7.4.0.jar:/Users/jadersonrg/.m2/repository/com/beust/jcommander/1.78/jcommander-1.78.jar:/Users/jadersonrg/.m2/repository/org/webjars/jquery/3.5.1/jquery-3.5.1.jar:/Users/jadersonrg/.m2/repository/com/googlecode/json-simple/json-simple/1.1.1/json-simple-1.1.1.jar:/Users/jadersonrg/.m2/repository/junit/junit/4.10/junit-4.10.jar:/Users/jadersonrg/.m2/repository/org/hamcrest/hamcrest-core/1.1/hamcrest-core-1.1.jar:/Users/jadersonrg/.m2/repository/org/apache/maven/surefire/surefire-testng-utils/2.21.0/surefire-testng-utils-2.21.0.jar:/Users/jadersonrg/.m2/repository/org/apache/maven/surefire/surefire-grouper/2.21.0/surefire-grouper-2.21.0.jar:"/>
    <property name="java.vm.vendor" value="Oracle Corporation"/>
    <property name="sun.arch.data.model" value="64"/>
    <property name="java.vendor.url" value="https://openjdk.java.net/"/>
    <property name="user.timezone" value=""/>
    <property name="java.vm.specification.version" value="11"/>
    <property name="os.name" value="Mac OS X"/>
    <property name="sun.java.launcher" value="SUN_STANDARD"/>
    <property name="user.country" value="US"/>
    <property name="sun.boot.library.path" value="/Library/Java/JavaVirtualMachines/jdk-11.0.14.jdk/Contents/Home/lib"/>
    <property name="sun.java.command" value="/Users/jadersonrg/Automation/target/surefire/surefirebooter10301306852210190985.jar /Users/jadersonrg/Automation/target/surefire 2022-03-19T23-16-27_859-jvmRun1 surefire7706931994995889279tmp surefire_016626925287168815548tmp"/>
    <property name="http.nonProxyHosts" value="local|*.local|169.254/16|*.169.254/16"/>
    <property name="jdk.debug" value="release"/>
    <property name="surefire.test.class.path" value="/Users/jadersonrg/Automation/target/test-classes:/Users/jadersonrg/Automation/target/classes:/Users/jadersonrg/.m2/repository/io/appium/java-client/7.4.1/java-client-7.4.1.jar:/Users/jadersonrg/.m2/repository/org/seleniumhq/selenium/selenium-java/3.141.59/selenium-java-3.141.59.jar:/Users/jadersonrg/.m2/repository/org/seleniumhq/selenium/selenium-chrome-driver/3.141.59/selenium-chrome-driver-3.141.59.jar:/Users/jadersonrg/.m2/repository/org/seleniumhq/selenium/selenium-edge-driver/3.141.59/selenium-edge-driver-3.141.59.jar:/Users/jadersonrg/.m2/repository/org/seleniumhq/selenium/selenium-firefox-driver/3.141.59/selenium-firefox-driver-3.141.59.jar:/Users/jadersonrg/.m2/repository/org/seleniumhq/selenium/selenium-ie-driver/3.141.59/selenium-ie-driver-3.141.59.jar:/Users/jadersonrg/.m2/repository/org/seleniumhq/selenium/selenium-opera-driver/3.141.59/selenium-opera-driver-3.141.59.jar:/Users/jadersonrg/.m2/repository/org/seleniumhq/selenium/selenium-remote-driver/3.141.59/selenium-remote-driver-3.141.59.jar:/Users/jadersonrg/.m2/repository/org/seleniumhq/selenium/selenium-safari-driver/3.141.59/selenium-safari-driver-3.141.59.jar:/Users/jadersonrg/.m2/repository/net/bytebuddy/byte-buddy/1.8.15/byte-buddy-1.8.15.jar:/Users/jadersonrg/.m2/repository/org/apache/commons/commons-exec/1.3/commons-exec-1.3.jar:/Users/jadersonrg/.m2/repository/com/google/guava/guava/25.0-jre/guava-25.0-jre.jar:/Users/jadersonrg/.m2/repository/com/google/code/findbugs/jsr305/1.3.9/jsr305-1.3.9.jar:/Users/jadersonrg/.m2/repository/org/checkerframework/checker-compat-qual/2.0.0/checker-compat-qual-2.0.0.jar:/Users/jadersonrg/.m2/repository/com/google/errorprone/error_prone_annotations/2.1.3/error_prone_annotations-2.1.3.jar:/Users/jadersonrg/.m2/repository/com/google/j2objc/j2objc-annotations/1.1/j2objc-annotations-1.1.jar:/Users/jadersonrg/.m2/repository/org/codehaus/mojo/animal-sniffer-annotations/1.14/animal-sniffer-annotations-1.14.jar:/Users/jadersonrg/.m2/repository/com/squareup/okhttp3/okhttp/3.11.0/okhttp-3.11.0.jar:/Users/jadersonrg/.m2/repository/com/squareup/okio/okio/1.14.0/okio-1.14.0.jar:/Users/jadersonrg/.m2/repository/org/seleniumhq/selenium/selenium-support/3.141.59/selenium-support-3.141.59.jar:/Users/jadersonrg/.m2/repository/org/seleniumhq/selenium/selenium-api/3.141.59/selenium-api-3.141.59.jar:/Users/jadersonrg/.m2/repository/com/google/code/gson/gson/2.8.6/gson-2.8.6.jar:/Users/jadersonrg/.m2/repository/org/apache/httpcomponents/httpclient/4.5.13/httpclient-4.5.13.jar:/Users/jadersonrg/.m2/repository/org/apache/httpcomponents/httpcore/4.4.13/httpcore-4.4.13.jar:/Users/jadersonrg/.m2/repository/commons-logging/commons-logging/1.2/commons-logging-1.2.jar:/Users/jadersonrg/.m2/repository/commons-codec/commons-codec/1.11/commons-codec-1.11.jar:/Users/jadersonrg/.m2/repository/cglib/cglib/3.3.0/cglib-3.3.0.jar:/Users/jadersonrg/.m2/repository/org/ow2/asm/asm/7.1/asm-7.1.jar:/Users/jadersonrg/.m2/repository/commons-validator/commons-validator/1.7/commons-validator-1.7.jar:/Users/jadersonrg/.m2/repository/commons-beanutils/commons-beanutils/1.9.4/commons-beanutils-1.9.4.jar:/Users/jadersonrg/.m2/repository/commons-digester/commons-digester/2.1/commons-digester-2.1.jar:/Users/jadersonrg/.m2/repository/commons-collections/commons-collections/3.2.2/commons-collections-3.2.2.jar:/Users/jadersonrg/.m2/repository/org/apache/commons/commons-lang3/3.11/commons-lang3-3.11.jar:/Users/jadersonrg/.m2/repository/commons-io/commons-io/2.8.0/commons-io-2.8.0.jar:/Users/jadersonrg/.m2/repository/org/springframework/spring-context/5.3.1/spring-context-5.3.1.jar:/Users/jadersonrg/.m2/repository/org/springframework/spring-aop/5.3.1/spring-aop-5.3.1.jar:/Users/jadersonrg/.m2/repository/org/springframework/spring-beans/5.3.1/spring-beans-5.3.1.jar:/Users/jadersonrg/.m2/repository/org/springframework/spring-core/5.3.1/spring-core-5.3.1.jar:/Users/jadersonrg/.m2/repository/org/springframework/spring-jcl/5.3.1/spring-jcl-5.3.1.jar:/Users/jadersonrg/.m2/repository/org/springframework/spring-expression/5.3.1/spring-expression-5.3.1.jar:/Users/jadersonrg/.m2/repository/org/aspectj/aspectjweaver/1.9.6/aspectjweaver-1.9.6.jar:/Users/jadersonrg/.m2/repository/org/slf4j/slf4j-api/1.7.30/slf4j-api-1.7.30.jar:/Users/jadersonrg/.m2/repository/org/testng/testng/7.4.0/testng-7.4.0.jar:/Users/jadersonrg/.m2/repository/com/beust/jcommander/1.78/jcommander-1.78.jar:/Users/jadersonrg/.m2/repository/org/webjars/jquery/3.5.1/jquery-3.5.1.jar:/Users/jadersonrg/.m2/repository/com/googlecode/json-simple/json-simple/1.1.1/json-simple-1.1.1.jar:/Users/jadersonrg/.m2/repository/junit/junit/4.10/junit-4.10.jar:/Users/jadersonrg/.m2/repository/org/hamcrest/hamcrest-core/1.1/hamcrest-core-1.1.jar:/Users/jadersonrg/.m2/repository/org/apache/maven/surefire/surefire-testng-utils/2.21.0/surefire-testng-utils-2.21.0.jar:/Users/jadersonrg/.m2/repository/org/apache/maven/surefire/surefire-grouper/2.21.0/surefire-grouper-2.21.0.jar:"/>
    <property name="sun.cpu.endian" value="little"/>
    <property name="user.home" value="/Users/jadersonrg"/>
    <property name="user.language" value="en"/>
    <property name="java.specification.vendor" value="Oracle Corporation"/>
    <property name="java.version.date" value="2022-01-18"/>
    <property name="java.home" value="/Library/Java/JavaVirtualMachines/jdk-11.0.14.jdk/Contents/Home"/>
    <property name="file.separator" value="/"/>
    <property name="basedir" value="/Users/jadersonrg/Automation"/>
    <property name="java.vm.compressedOopsMode" value="Zero based"/>
    <property name="line.separator" value="&#10;"/>
    <property name="java.specification.name" value="Java Platform API Specification"/>
    <property name="java.vm.specification.vendor" value="Oracle Corporation"/>
    <property name="java.awt.graphicsenv" value="sun.awt.CGraphicsEnvironment"/>
    <property name="surefire.real.class.path" value="/Users/jadersonrg/Automation/target/surefire/surefirebooter10301306852210190985.jar"/>
    <property name="sun.management.compiler" value="HotSpot 64-Bit Tiered Compilers"/>
    <property name="ftp.nonProxyHosts" value="local|*.local|169.254/16|*.169.254/16"/>
    <property name="java.runtime.version" value="11.0.14+8-LTS-263"/>
    <property name="user.name" value="jadersonrg"/>
    <property name="path.separator" value=":"/>
    <property name="os.version" value="11.6.3"/>
    <property name="java.runtime.name" value="Java(TM) SE Runtime Environment"/>
    <property name="file.encoding" value="UTF-8"/>
    <property name="java.vm.name" value="Java HotSpot(TM) 64-Bit Server VM"/>
    <property name="java.vendor.version" value="18.9"/>
    <property name="localRepository" value="/Users/jadersonrg/.m2/repository"/>
    <property name="java.vendor.url.bug" value="https://bugreport.java.com/bugreport/"/>
    <property name="java.io.tmpdir" value="/var/folders/lh/9dkdm6s579l_37hp8rp09tl4f15p9p/T/"/>
    <property name="java.version" value="11.0.14"/>
    <property name="user.dir" value="/Users/jadersonrg/Automation"/>
    <property name="os.arch" value="x86_64"/>
    <property name="java.vm.specification.name" value="Java Virtual Machine Specification"/>
    <property name="java.awt.printerjob" value="sun.lwawt.macosx.CPrinterJob"/>
    <property name="sun.os.patch.level" value="unknown"/>
    <property name="java.library.path" value="/Users/jadersonrg/Library/Java/Extensions:/Library/Java/Extensions:/Network/Library/Java/Extensions:/System/Library/Java/Extensions:/usr/lib/java:."/>
    <property name="java.vendor" value="Oracle Corporation"/>
    <property name="java.vm.info" value="mixed mode"/>
    <property name="java.vm.version" value="11.0.14+8-LTS-263"/>
    <property name="sun.io.unicode.encoding" value="UnicodeBig"/>
    <property name="java.class.version" value="55.0"/>
    <property name="socksNonProxyHosts" value="local|*.local|169.254/16|*.169.254/16"/>
  </properties>
  <testcase name="test1_add_task" classname="ToDo_Android" time="16.713">
    <failure message="org.openqa.selenium.NoSuchSessionException: A session is either terminated or not started&#10;Build info: version: &apos;3.141.59&apos;, revision: &apos;e82be7d358&apos;, time: &apos;2018-11-14T08:17:03&apos;&#10;System info: host: &apos;MMB026280CPS&apos;, ip: &apos;fe80:0:0:0:10b9:13f1:876c:fad%en0&apos;, os.name: &apos;Mac OS X&apos;, os.arch: &apos;x86_64&apos;, os.version: &apos;11.6.3&apos;, java.version: &apos;11.0.14&apos;&#10;Driver info: io.appium.java_client.android.AndroidDriver&#10;Capabilities {app: /Users/jadersonrg/Automatio..., appPackage: com.jeffprod.todo, databaseEnabled: false, desired: {app: /Users/jadersonrg/Automatio..., deviceName: Emulator, plataformName: Android, platformName: android, platformVersion: 11.0, udid: emulator-5556}, deviceApiLevel: 30, deviceManufacturer: unknown, deviceModel: Android SDK built for x86, deviceName: emulator-5556, deviceScreenDensity: 560, deviceScreenSize: 1440x2880, deviceUDID: emulator-5556, javascriptEnabled: true, locationContextEnabled: false, networkConnectionEnabled: true, pixelRatio: 3.5, plataformName: Android, platform: LINUX, platformName: Android, platformVersion: 11, statBarHeight: 84, takesScreenshot: true, udid: emulator-5556, viewportRect: {height: 2628, left: 0, top: 84, width: 1440}, warnings: {}, webStorageEnabled: false}&#10;Session ID: 9eaeef1a-e671-4a45-817a-311864fc12c7&#10;*** Element info: {Using=id, value=fab}" type="org.openqa.selenium.WebDriverException">org.openqa.selenium.WebDriverException: 
org.openqa.selenium.NoSuchSessionException: A session is either terminated or not started
Build info: version: '3.141.59', revision: 'e82be7d358', time: '2018-11-14T08:17:03'
System info: host: 'MMB026280CPS', ip: 'fe80:0:0:0:10b9:13f1:876c:fad%en0', os.name: 'Mac OS X', os.arch: 'x86_64', os.version: '11.6.3', java.version: '11.0.14'
Driver info: io.appium.java_client.android.AndroidDriver
Capabilities {app: /Users/jadersonrg/Automatio..., appPackage: com.jeffprod.todo, databaseEnabled: false, desired: {app: /Users/jadersonrg/Automatio..., deviceName: Emulator, plataformName: Android, platformName: android, platformVersion: 11.0, udid: emulator-5556}, deviceApiLevel: 30, deviceManufacturer: unknown, deviceModel: Android SDK built for x86, deviceName: emulator-5556, deviceScreenDensity: 560, deviceScreenSize: 1440x2880, deviceUDID: emulator-5556, javascriptEnabled: true, locationContextEnabled: false, networkConnectionEnabled: true, pixelRatio: 3.5, plataformName: Android, platform: LINUX, platformName: Android, platformVersion: 11, statBarHeight: 84, takesScreenshot: true, udid: emulator-5556, viewportRect: {height: 2628, left: 0, top: 84, width: 1440}, warnings: {}, webStorageEnabled: false}
Session ID: 9eaeef1a-e671-4a45-817a-311864fc12c7
*** Element info: {Using=id, value=fab}
	at ToDo_Android.test1_add_task(ToDo_Android.java:29)
Caused by: org.openqa.selenium.NoSuchSessionException: 
A session is either terminated or not started
Build info: version: '3.141.59', revision: 'e82be7d358', time: '2018-11-14T08:17:03'
System info: host: 'MMB026280CPS', ip: 'fe80:0:0:0:10b9:13f1:876c:fad%en0', os.name: 'Mac OS X', os.arch: 'x86_64', os.version: '11.6.3', java.version: '11.0.14'
Driver info: io.appium.java_client.android.AndroidDriver
Capabilities {app: /Users/jadersonrg/Automatio..., appPackage: com.jeffprod.todo, databaseEnabled: false, desired: {app: /Users/jadersonrg/Automatio..., deviceName: Emulator, plataformName: Android, platformName: android, platformVersion: 11.0, udid: emulator-5556}, deviceApiLevel: 30, deviceManufacturer: unknown, deviceModel: Android SDK built for x86, deviceName: emulator-5556, deviceScreenDensity: 560, deviceScreenSize: 1440x2880, deviceUDID: emulator-5556, javascriptEnabled: true, locationContextEnabled: false, networkConnectionEnabled: true, pixelRatio: 3.5, plataformName: Android, platform: LINUX, platformName: Android, platformVersion: 11, statBarHeight: 84, takesScreenshot: true, udid: emulator-5556, viewportRect: {height: 2628, left: 0, top: 84, width: 1440}, warnings: {}, webStorageEnabled: false}
Session ID: 9eaeef1a-e671-4a45-817a-311864fc12c7
*** Element info: {Using=id, value=fab}
	at ToDo_Android.test1_add_task(ToDo_Android.java:29)
</failure>
    <system-out><![CDATA[[TestNGContentHandler] [WARN] It is strongly recommended to add "<!DOCTYPE suite SYSTEM "https://testng.org/testng-1.0.dtd" >" at the top of the suite file [/Users/jadersonrg/Automation/android_testng.xml] otherwise TestNG may fail or not work as expected.
]]></system-out>
    <system-err><![CDATA[Mar 19, 2022 11:16:35 PM io.appium.java_client.remote.AppiumCommandExecutor$1 lambda$0
INFO: Detected dialect: W3C
Mar 19, 2022 11:16:35 PM io.appium.java_client.remote.AppiumCommandExecutor$1 lambda$0
INFO: Detected dialect: W3C
]]></system-err>
  </testcase>
  <testcase name="test1_add_task" classname="ToDo_Android" time="14.814"/>
  <testcase name="test2_add_task" classname="ToDo_Android" time="0.096"/>
  <testcase name="test2_add_task" classname="ToDo_Android" time="14.901">
    <failure message="org.openqa.selenium.NoSuchSessionException: Session ID is null. Using WebDriver after calling quit()?&#10;Build info: version: &apos;3.141.59&apos;, revision: &apos;e82be7d358&apos;, time: &apos;2018-11-14T08:17:03&apos;&#10;System info: host: &apos;MMB026280CPS&apos;, ip: &apos;fe80:0:0:0:10b9:13f1:876c:fad%en0&apos;, os.name: &apos;Mac OS X&apos;, os.arch: &apos;x86_64&apos;, os.version: &apos;11.6.3&apos;, java.version: &apos;11.0.14&apos;&#10;Driver info: driver.version: AndroidDriver" type="org.openqa.selenium.WebDriverException">org.openqa.selenium.WebDriverException: 
org.openqa.selenium.NoSuchSessionException: Session ID is null. Using WebDriver after calling quit()?
Build info: version: '3.141.59', revision: 'e82be7d358', time: '2018-11-14T08:17:03'
System info: host: 'MMB026280CPS', ip: 'fe80:0:0:0:10b9:13f1:876c:fad%en0', os.name: 'Mac OS X', os.arch: 'x86_64', os.version: '11.6.3', java.version: '11.0.14'
Driver info: driver.version: AndroidDriver
	at ToDo_Android.test2_add_task(ToDo_Android.java:43)
Caused by: org.openqa.selenium.NoSuchSessionException: 
Session ID is null. Using WebDriver after calling quit()?
Build info: version: '3.141.59', revision: 'e82be7d358', time: '2018-11-14T08:17:03'
System info: host: 'MMB026280CPS', ip: 'fe80:0:0:0:10b9:13f1:876c:fad%en0', os.name: 'Mac OS X', os.arch: 'x86_64', os.version: '11.6.3', java.version: '11.0.14'
Driver info: driver.version: AndroidDriver
	at ToDo_Android.test2_add_task(ToDo_Android.java:43)
</failure>
  </testcase>
</testsuite>