<?xml version="1.0" encoding="UTF-8"?>
<!-- Generated by org.testng.reporters.JUnitReportReporter -->
<testsuite hostname="MMB026280CPS" failures="0" tests="3" name="BlankfactorTest" time="59.127" errors="0" timestamp="2022-05-30T00:55:16 AMT" skipped="0">
  <testcase classname="BlankfactorTest" name="open_post_test" time="41.063"/>
  <system-out/>
  <testcase classname="BlankfactorTest" name="subscribe_to_newsletter_test" time="12.024"/>
  <system-out/>
  <testcase classname="BlankfactorTest" name="print_all_posts_and_links_test" time="6.040"/>
  <system-out/>
</testsuite> <!-- BlankfactorTest -->
